<?xml version="1.0" encoding="UTF-8"?>
<testng-results total="5" passed="4" failed="1" skipped="0">
  <reporter-output>
  </reporter-output>
  <suite started-at="2024-03-11T06:59:24Z" name="Suite" finished-at="2024-03-11T07:01:00Z" duration-ms="96128">
    <groups>
    </groups>
    <test started-at="2024-03-11T06:59:24Z" name="Test" finished-at="2024-03-11T07:01:00Z" duration-ms="96128">
      <class name="com.scenario.automate.HandleAlertTests">
        <test-method is-config="true" signature="loadEverything()[pri:0, instance:com.scenario.automate.HandleAlertTests@17046283]" started-at="2024-03-11T12:29:24Z" name="loadEverything" finished-at="2024-03-11T12:29:36Z" duration-ms="12145" status="PASS">
          <reporter-output>
          </reporter-output>
        </test-method> <!-- loadEverything -->
        <test-method signature="cancelAlertTest()[pri:0, instance:com.scenario.automate.HandleAlertTests@17046283]" started-at="2024-03-11T12:29:36Z" name="cancelAlertTest" finished-at="2024-03-11T12:29:46Z" duration-ms="9609" status="PASS">
          <reporter-output>
          </reporter-output>
        </test-method> <!-- cancelAlertTest -->
        <test-method signature="handleAlertTest()[pri:0, instance:com.scenario.automate.HandleAlertTests@17046283]" started-at="2024-03-11T12:29:46Z" name="handleAlertTest" finished-at="2024-03-11T12:29:48Z" duration-ms="2001" status="PASS">
          <reporter-output>
          </reporter-output>
        </test-method> <!-- handleAlertTest -->
        <test-method signature="sendAlertMessageTest()[pri:0, instance:com.scenario.automate.HandleAlertTests@17046283]" started-at="2024-03-11T12:29:48Z" name="sendAlertMessageTest" finished-at="2024-03-11T12:29:52Z" duration-ms="3920" status="PASS">
          <reporter-output>
          </reporter-output>
        </test-method> <!-- sendAlertMessageTest -->
        <test-method signature="testClosePopUp()[pri:0, instance:com.scenario.automate.HandleAlertTests@17046283]" started-at="2024-03-11T12:29:52Z" name="testClosePopUp" finished-at="2024-03-11T12:29:57Z" duration-ms="5878" status="FAIL">
          <exception class="java.lang.AssertionError">
            <message>
              <![CDATA[expected [false] but found [true]]]>
            </message>
            <full-stacktrace>
              <![CDATA[java.lang.AssertionError: expected [false] but found [true]
	at org.testng.Assert.fail(Assert.java:94)
	at org.testng.Assert.failNotEquals(Assert.java:496)
	at org.testng.Assert.assertEquals(Assert.java:125)
	at org.testng.Assert.assertEquals(Assert.java:288)
	at org.testng.Assert.assertEquals(Assert.java:298)
	at com.scenario.automate.HandleAlertTests.testClosePopUp(HandleAlertTests.java:113)
	at java.base/jdk.internal.reflect.NativeMethodAccessorImpl.invoke0(Native Method)
	at java.base/jdk.internal.reflect.NativeMethodAccessorImpl.invoke(NativeMethodAccessorImpl.java:77)
	at java.base/jdk.internal.reflect.DelegatingMethodAccessorImpl.invoke(DelegatingMethodAccessorImpl.java:43)
	at java.base/java.lang.reflect.Method.invoke(Method.java:568)
	at org.testng.internal.MethodInvocationHelper.invokeMethod(MethodInvocationHelper.java:85)
	at org.testng.internal.Invoker.invokeMethod(Invoker.java:639)
	at org.testng.internal.Invoker.invokeTestMethod(Invoker.java:816)
	at org.testng.internal.Invoker.invokeTestMethods(Invoker.java:1124)
	at org.testng.internal.TestMethodWorker.invokeTestMethods(TestMethodWorker.java:125)
	at org.testng.internal.TestMethodWorker.run(TestMethodWorker.java:108)
	at java.base/java.util.concurrent.ThreadPoolExecutor.runWorker(ThreadPoolExecutor.java:1136)
	at java.base/java.util.concurrent.ThreadPoolExecutor$Worker.run(ThreadPoolExecutor.java:635)
	at java.base/java.lang.Thread.run(Thread.java:833)
]]>
            </full-stacktrace>
          </exception> <!-- java.lang.AssertionError -->
          <reporter-output>
          </reporter-output>
        </test-method> <!-- testClosePopUp -->
        <test-method signature="testModalOpenAndClose()[pri:0, instance:com.scenario.automate.HandleAlertTests@17046283]" started-at="2024-03-11T12:29:57Z" name="testModalOpenAndClose" finished-at="2024-03-11T12:30:59Z" duration-ms="62042" status="PASS">
          <reporter-output>
          </reporter-output>
        </test-method> <!-- testModalOpenAndClose -->
        <test-method is-config="true" signature="closeAll()[pri:0, instance:com.scenario.automate.HandleAlertTests@17046283]" started-at="2024-03-11T12:30:59Z" name="closeAll" finished-at="2024-03-11T12:31:00Z" duration-ms="516" status="PASS">
          <reporter-output>
          </reporter-output>
        </test-method> <!-- closeAll -->
      </class> <!-- com.scenario.automate.HandleAlertTests -->
    </test> <!-- Test -->
  </suite> <!-- Suite -->
</testng-results>
